[00:39:10] [main/INFO] (Launcher) ModLauncher running: args [--launchTarget, forgeclientuserdev, --version, 20.6.75-beta, --assetIndex, 1.20.6-16, --assetsDir, C:\Users\samya\.gradle\caches\fabric-loom\assets, --gameDir, ., --fml.neoForgeVersion, 20.6.75-beta, --fml.fmlVersion, 3.0.29, --fml.mcVersion, 1.20.6, --fml.neoFormVersion, 20240429.153634]
[00:39:10] [main/INFO] (Launcher) JVM identified as Oracle Corporation Java HotSpot(TM) 64-Bit Server VM 21.0.2+13-LTS-58
[00:39:10] [main/INFO] (Launcher) ModLauncher 11.0.2+main.4612c65f starting: java version 21.0.2 by Oracle Corporation; OS Windows 11 arch amd64 version 10.0
[00:39:10] [main/INFO] (ImmediateWindowHandler) Loading ImmediateWindowProvider fmlearlywindow
[00:39:10] [main/INFO] (EARLYDISPLAY) Trying GL version 4.6
[00:39:11] [main/INFO] (EARLYDISPLAY) Requested GL version 4.6 got version 4.6
[00:39:11] [main/INFO] (mixin) SpongePowered MIXIN Subsystem Version=0.8.5 Source=union:/C:/Users/samya/.gradle/caches/modules-2/files-2.1/net.fabricmc/sponge-mixin/0.13.4+mixin.0.8.5/8adf0cff1795a169141b9e16ad7b9f6e2527a990/sponge-mixin-0.13.4+mixin.0.8.5.jar%23126!/ Service=ModLauncher Env=CLIENT
[00:39:12] [pool-5-thread-1/INFO] (EARLYDISPLAY) GL info: Intel(R) Iris(R) Xe Graphics GL version 4.6.0 - Build 31.0.101.4502, Intel
[00:39:12] [main/INFO] (ModDiscoverer) Found mod file "neoforge-20.6.75-beta-minecraft-merged-1.20.6-loom.mappings.1_20_6.layered+hash.40545-v2-neoforge-20.6.75-beta.jar" [locator: neoforge devenv provider ([C:\Users\samya\.gradle\caches\fabric-loom\minecraftMaven\net\minecraft\neoforge-20.6.75-beta-minecraft-merged\1.20.6-loom.mappings.1_20_6.layered+hash.40545-v2-neoforge-20.6.75-beta\neoforge-20.6.75-beta-minecraft-merged-1.20.6-loom.mappings.1_20_6.layered+hash.40545-v2-neoforge-20.6.75-beta.jar])]
[00:39:12] [main/INFO] (ModDiscoverer) Found mod file "neoforge-20.6.75-beta-minecraft-merged-1.20.6-loom.mappings.1_20_6.layered+hash.40545-v2-neoforge-20.6.75-beta.jar" [locator: neoforge devenv provider ([C:\Users\samya\.gradle\caches\fabric-loom\minecraftMaven\net\minecraft\neoforge-20.6.75-beta-minecraft-merged\1.20.6-loom.mappings.1_20_6.layered+hash.40545-v2-neoforge-20.6.75-beta\neoforge-20.6.75-beta-minecraft-merged-1.20.6-loom.mappings.1_20_6.layered+hash.40545-v2-neoforge-20.6.75-beta.jar])]
[00:39:12] [main/INFO] (ModDiscoverer) Found mod file "main" [locator: userdev mods and services, reader: mod manifest]
[00:39:12] [main/INFO] (ModDiscoverer) Found mod file "neoforge-20.6.75-beta-minecraft-merged-1.20.6-loom.mappings.1_20_6.layered+hash.40545-v2-neoforge-20.6.75-beta.jar" [locator: userdev mods and services, reader: mod manifest]
[00:39:12] [main/INFO] (ModDiscoverer) Found mod file "architectury-neoforge-12.1.2.jar" [locator: userdev mods and services, reader: mod manifest]
[00:39:12] [main/INFO] (ModDiscoverer) Found mod file "12928201269599533689.jar" [locator: userdev mods and services, reader: mod manifest]
[00:39:12] [main/INFO] (ModDiscoverer) Found gamelibrary file "mixinextras-neoforge-0.3.5.jar" [locator: userdev mods and services, reader: mod manifest]
[00:39:13] [main/WARN] (JarSelector) Attempted to select a dependency jar for JarJar which was passed in as source: mixinextras-neoforge-0.3.5.jar. Using Mod File: C:\Users\samya\.gradle\caches\modules-2\files-2.1\io.github.llamalad7\mixinextras-neoforge\0.3.5\ef3ffcf309dae656517b2f120189b1c9b21737dd\mixinextras-neoforge-0.3.5.jar
[00:39:13] [main/INFO] (JarInJarDependencyLocator) No dependencies to load found. Skipping!
[00:39:15] [main/INFO] (mixin) Compatibility level set to JAVA_21
[00:39:15] [main/INFO] (LaunchServiceHandler) Launching target 'forgeclientuserdev' with arguments [--version, 20.6.75-beta, --gameDir, ., --assetsDir, C:\Users\samya\.gradle\caches\fabric-loom\assets, --assetIndex, 1.20.6-16]
[00:39:15] [main/INFO] (unprotect) Found 8191 Minecraft classes
[00:39:16] [main/INFO] (MixinExtras|Service) Initializing MixinExtras via com.llamalad7.mixinextras.service.MixinExtrasServiceImpl(version=0.3.5).
[26Jun2024 00:39:25.476] [Datafixer Bootstrap/INFO] [com.mojang.datafixers.DataFixerBuilder/]: 225 Datafixer optimizations took 586 milliseconds
[26Jun2024 00:39:32.446] [main/WARN] [net.minecraft.commands.Commands/]: Ambiguity between arguments [teleport, location] and [teleport, destination] with inputs: [0.1 -0.5 .9, 0 0 0]
[26Jun2024 00:39:32.449] [main/WARN] [net.minecraft.commands.Commands/]: Ambiguity between arguments [teleport, location] and [teleport, targets] with inputs: [0.1 -0.5 .9, 0 0 0]
[26Jun2024 00:39:32.457] [main/WARN] [net.minecraft.commands.Commands/]: Ambiguity between arguments [teleport, destination] and [teleport, targets] with inputs: [Player, 0123, @e, dd12be42-52a9-4a91-a8a1-11c01849e498]
[26Jun2024 00:39:32.460] [main/WARN] [net.minecraft.commands.Commands/]: Ambiguity between arguments [teleport, targets] and [teleport, destination] with inputs: [Player, 0123, dd12be42-52a9-4a91-a8a1-11c01849e498]
[26Jun2024 00:39:32.463] [main/WARN] [net.minecraft.commands.Commands/]: Ambiguity between arguments [teleport, targets, location] and [teleport, targets, destination] with inputs: [0.1 -0.5 .9, 0 0 0]
[26Jun2024 00:39:32.914] [Render thread/WARN] [net.minecraft.server.packs.VanillaPackResourcesBuilder/]: Assets URL 'union:/C:/Users/samya/.gradle/caches/fabric-loom/minecraftMaven/net/minecraft/neoforge-20.6.75-beta-minecraft-merged/1.20.6-loom.mappings.1_20_6.layered+hash.40545-v2-neoforge-20.6.75-beta/neoforge-20.6.75-beta-minecraft-merged-1.20.6-loom.mappings.1_20_6.layered+hash.40545-v2-neoforge-20.6.75-beta.jar%23196!/assets/.mcassetsroot' uses unexpected schema
[26Jun2024 00:39:32.915] [Render thread/WARN] [net.minecraft.server.packs.VanillaPackResourcesBuilder/]: Assets URL 'union:/C:/Users/samya/.gradle/caches/fabric-loom/minecraftMaven/net/minecraft/neoforge-20.6.75-beta-minecraft-merged/1.20.6-loom.mappings.1_20_6.layered+hash.40545-v2-neoforge-20.6.75-beta/neoforge-20.6.75-beta-minecraft-merged-1.20.6-loom.mappings.1_20_6.layered+hash.40545-v2-neoforge-20.6.75-beta.jar%23196!/data/.mcassetsroot' uses unexpected schema
[26Jun2024 00:39:33.000] [Render thread/INFO] [com.mojang.authlib.yggdrasil.YggdrasilAuthenticationService/]: Environment: Environment[sessionHost=https://sessionserver.mojang.com, servicesHost=https://api.minecraftservices.com, name=PROD]
[26Jun2024 00:39:33.037] [Render thread/INFO] [net.minecraft.client.Minecraft/]: Setting user: Dev
[26Jun2024 00:39:33.323] [Render thread/INFO] [net.minecraft.client.Minecraft/]: Backend library: LWJGL version 3.3.3+5
[26Jun2024 00:39:34.197] [modloading-worker-0/INFO] [net.neoforged.neoforge.common.NeoForgeMod/NEOFORGE-MOD]: NeoForge mod loading, version 20.6.75-beta, for MC 1.20.6
[26Jun2024 00:39:37.396] [Render thread/INFO] [net.neoforged.neoforge.gametest.GameTestHooks/]: Enabled Gametest Namespaces: []
[26Jun2024 00:39:38.083] [Render thread/INFO] [net.minecraft.server.packs.resources.ReloadableResourceManager/]: Reloading ResourceManager: vanilla, mod_resources, mod/generated_c5163fe, mod/architectury, mod/bottleinacloud, mod/neoforge
[26Jun2024 00:39:38.546] [Worker-Main-5/INFO] [net.minecraft.client.gui.font.providers.UnihexProvider/]: Found unifont_all_no_pua-15.1.04.hex, loading
[26Jun2024 00:39:38.798] [Worker-Main-3/INFO] [net.minecraft.client.gui.font.providers.UnihexProvider/]: Found unifont_jp_patch-15.1.04.hex, loading
[26Jun2024 00:39:44.676] [Render thread/WARN] [net.minecraft.client.sounds.SoundEngine/]: Missing sound for event: minecraft:item.goat_horn.play
[26Jun2024 00:39:44.677] [Render thread/WARN] [net.minecraft.client.sounds.SoundEngine/]: Missing sound for event: minecraft:entity.goat.screaming.horn_break
[26Jun2024 00:39:47.210] [Render thread/INFO] [com.mojang.blaze3d.audio.Library/]: OpenAL initialized on device OpenAL Soft on Speaker (Realtek(R) Audio)
[26Jun2024 00:39:47.213] [Render thread/INFO] [net.minecraft.client.sounds.SoundEngine/SOUNDS]: Sound engine started
[26Jun2024 00:39:47.383] [Render thread/INFO] [net.minecraft.client.renderer.texture.TextureAtlas/]: Created: 1024x512x4 minecraft:textures/atlas/blocks.png-atlas
[26Jun2024 00:39:48.189] [Render thread/INFO] [net.minecraft.client.renderer.texture.TextureAtlas/]: Created: 256x256x4 minecraft:textures/atlas/signs.png-atlas
[26Jun2024 00:39:48.253] [Render thread/INFO] [net.minecraft.client.renderer.texture.TextureAtlas/]: Created: 512x512x4 minecraft:textures/atlas/banner_patterns.png-atlas
[26Jun2024 00:39:48.389] [Render thread/INFO] [net.minecraft.client.renderer.texture.TextureAtlas/]: Created: 512x512x4 minecraft:textures/atlas/shield_patterns.png-atlas
[26Jun2024 00:39:48.524] [Render thread/INFO] [net.minecraft.client.renderer.texture.TextureAtlas/]: Created: 1024x1024x4 minecraft:textures/atlas/armor_trims.png-atlas
[26Jun2024 00:39:50.174] [Render thread/INFO] [net.minecraft.client.renderer.texture.TextureAtlas/]: Created: 256x256x4 minecraft:textures/atlas/chest.png-atlas
[26Jun2024 00:39:50.214] [Render thread/INFO] [net.minecraft.client.renderer.texture.TextureAtlas/]: Created: 128x64x4 minecraft:textures/atlas/decorated_pot.png-atlas
[26Jun2024 00:39:50.315] [Render thread/INFO] [net.minecraft.client.renderer.texture.TextureAtlas/]: Created: 512x256x4 minecraft:textures/atlas/shulker_boxes.png-atlas
[26Jun2024 00:39:50.406] [Render thread/INFO] [net.minecraft.client.renderer.texture.TextureAtlas/]: Created: 512x256x4 minecraft:textures/atlas/beds.png-atlas
[26Jun2024 00:39:50.768] [Render thread/INFO] [net.minecraft.client.renderer.texture.TextureAtlas/]: Created: 512x256x0 minecraft:textures/atlas/particles.png-atlas
[26Jun2024 00:39:50.968] [Render thread/INFO] [net.minecraft.client.renderer.texture.TextureAtlas/]: Created: 256x256x0 minecraft:textures/atlas/paintings.png-atlas
[26Jun2024 00:39:50.972] [Render thread/INFO] [net.minecraft.client.renderer.texture.TextureAtlas/]: Created: 256x128x0 minecraft:textures/atlas/mob_effects.png-atlas
[26Jun2024 00:39:50.975] [Render thread/INFO] [net.minecraft.client.renderer.texture.TextureAtlas/]: Created: 64x64x0 minecraft:textures/atlas/map_decorations.png-atlas
[26Jun2024 00:39:50.977] [Render thread/INFO] [net.minecraft.client.renderer.texture.TextureAtlas/]: Created: 1024x512x0 minecraft:textures/atlas/gui.png-atlas
[26Jun2024 00:39:51.111] [Render thread/WARN] [net.minecraft.client.renderer.ShaderInstance/]: Shader rendertype_entity_translucent_emissive could not find sampler named Sampler2 in the specified shader program.
[26Jun2024 00:39:58.557] [Render thread/INFO] [net.minecraft.world.item.crafting.RecipeManager/]: Loaded 1175 recipes
[26Jun2024 00:39:58.908] [Render thread/INFO] [net.minecraft.advancements.AdvancementTree/]: Loaded 1276 advancements
[26Jun2024 00:39:59.724] [Server thread/INFO] [net.minecraft.client.server.IntegratedServer/]: Starting integrated minecraft server version 1.20.6
[26Jun2024 00:39:59.725] [Server thread/INFO] [net.minecraft.server.MinecraftServer/]: Generating keypair
[26Jun2024 00:40:02.266] [Server thread/INFO] [net.minecraft.server.MinecraftServer/]: Preparing start region for dimension minecraft:overworld
[26Jun2024 00:40:03.887] [progressListener/INFO] [net.minecraft.server.level.progress.LoggerChunkProgressListener/]: Preparing spawn area: 0%
[26Jun2024 00:40:03.926] [progressListener/INFO] [net.minecraft.server.level.progress.LoggerChunkProgressListener/]: Preparing spawn area: 0%
[26Jun2024 00:40:03.948] [progressListener/INFO] [net.minecraft.server.level.progress.LoggerChunkProgressListener/]: Preparing spawn area: 0%
[26Jun2024 00:40:03.948] [progressListener/INFO] [net.minecraft.server.level.progress.LoggerChunkProgressListener/]: Preparing spawn area: 0%
[26Jun2024 00:40:04.286] [progressListener/INFO] [net.minecraft.server.level.progress.LoggerChunkProgressListener/]: Preparing spawn area: 0%
[26Jun2024 00:40:04.818] [progressListener/INFO] [net.minecraft.server.level.progress.LoggerChunkProgressListener/]: Preparing spawn area: 0%
[26Jun2024 00:40:05.290] [progressListener/INFO] [net.minecraft.server.level.progress.LoggerChunkProgressListener/]: Preparing spawn area: 51%
[26Jun2024 00:40:05.517] [Server thread/INFO] [net.neoforged.neoforge.server.permission.PermissionAPI/]: Successfully initialized permission handler neoforge:default_handler
[26Jun2024 00:40:05.528] [progressListener/INFO] [net.minecraft.server.level.progress.LoggerChunkProgressListener/]: Time elapsed: 3254 ms
[26Jun2024 00:40:06.041] [Server thread/INFO] [net.minecraft.client.server.IntegratedServer/]: Changing view distance to 12, from 10
[26Jun2024 00:40:06.042] [Server thread/INFO] [net.minecraft.client.server.IntegratedServer/]: Changing simulation distance to 12, from 0
[26Jun2024 00:40:07.437] [Server thread/INFO] [net.minecraft.server.players.PlayerList/]: Dev[local:E:547bd9a7] logged in with entity id 3 at (3524.422240699763, 197.0, 2211.7674076887856)
[26Jun2024 00:40:07.580] [Server thread/INFO] [net.minecraft.server.MinecraftServer/]: Dev joined the game
[26Jun2024 00:40:09.599] [Render thread/INFO] [net.minecraft.advancements.AdvancementTree/]: Loaded 33 advancements
[26Jun2024 00:40:09.602] [Server thread/WARN] [net.minecraft.server.MinecraftServer/]: Can't keep up! Is the server overloaded? Running 2278ms or 45 ticks behind
[26Jun2024 00:41:07.827] [Server thread/INFO] [net.minecraft.client.server.IntegratedServer/]: Saving and pausing game...
[26Jun2024 00:41:07.922] [Server thread/INFO] [net.minecraft.server.MinecraftServer/]: Saving chunks for level 'ServerLevel[New World]'/minecraft:overworld
[26Jun2024 00:41:07.959] [Server thread/INFO] [net.minecraft.server.MinecraftServer/]: Saving chunks for level 'ServerLevel[New World]'/minecraft:the_nether
[26Jun2024 00:41:07.970] [Server thread/INFO] [net.minecraft.server.MinecraftServer/]: Saving chunks for level 'ServerLevel[New World]'/minecraft:the_end
[26Jun2024 00:41:09.084] [Server thread/INFO] [net.minecraft.server.network.ServerGamePacketListenerImpl/]: Dev lost connection: Disconnected
[26Jun2024 00:41:09.085] [Server thread/INFO] [net.minecraft.server.MinecraftServer/]: Dev left the game
[26Jun2024 00:41:09.114] [Server thread/INFO] [net.minecraft.server.network.ServerCommonPacketListenerImpl/]: Stopping singleplayer server as player logged out
[26Jun2024 00:41:09.134] [Server thread/INFO] [net.minecraft.server.MinecraftServer/]: Stopping server
[26Jun2024 00:41:09.139] [Server thread/INFO] [net.minecraft.server.MinecraftServer/]: Saving players
[26Jun2024 00:41:09.140] [Server thread/INFO] [net.minecraft.server.MinecraftServer/]: Saving worlds
[26Jun2024 00:41:13.260] [Server thread/INFO] [net.minecraft.server.MinecraftServer/]: Saving chunks for level 'ServerLevel[New World]'/minecraft:overworld
[26Jun2024 00:41:13.415] [Server thread/INFO] [net.minecraft.server.MinecraftServer/]: Saving chunks for level 'ServerLevel[New World]'/minecraft:the_nether
[26Jun2024 00:41:13.418] [Server thread/INFO] [net.minecraft.server.MinecraftServer/]: Saving chunks for level 'ServerLevel[New World]'/minecraft:the_end
[26Jun2024 00:41:13.433] [Server thread/INFO] [net.minecraft.server.MinecraftServer/]: ThreadedAnvilChunkStorage (New World): All chunks are saved
[26Jun2024 00:41:13.434] [Server thread/INFO] [net.minecraft.server.MinecraftServer/]: ThreadedAnvilChunkStorage (DIM-1): All chunks are saved
[26Jun2024 00:41:13.434] [Server thread/INFO] [net.minecraft.server.MinecraftServer/]: ThreadedAnvilChunkStorage (DIM1): All chunks are saved
[26Jun2024 00:41:13.434] [Server thread/INFO] [net.minecraft.server.MinecraftServer/]: ThreadedAnvilChunkStorage: All dimensions are saved
[26Jun2024 00:41:14.659] [Render thread/INFO] [net.minecraft.client.Minecraft/]: Stopping!
