[16:13:21] [main/INFO] (FabricLoader/GameProvider) Loading Minecraft 1.21 with Fabric Loader 0.15.11
[16:13:21] [main/INFO] (FabricLoader) Loading 56 mods:
	- architectury 13.0.3
	- bottleinacloud 1.1
	- fabric-api 0.100.1+1.21
	- fabric-api-base 0.4.42+6573ed8c90
	- fabric-api-lookup-api-v1 1.6.65+b559734490
	- fabric-biome-api-v1 13.0.28+6fc22b9990
	- fabric-block-api-v1 1.0.22+0af3f5a790
	- fabric-block-view-api-v2 1.0.10+6573ed8c90
	- fabric-blockrenderlayer-v1 1.1.52+0af3f5a790
	- fabric-client-tags-api-v1 1.1.15+6573ed8c90
	- fabric-command-api-v1 1.2.48+f71b366f90
	- fabric-command-api-v2 2.2.27+6a6dfa1990
	- fabric-commands-v0 0.2.65+df3654b390
	- fabric-content-registries-v0 8.0.11+b559734490
	- fabric-convention-tags-v1 2.0.12+7f945d5b90
	- fabric-convention-tags-v2 2.2.1+d153f34490
	- fabric-crash-report-info-v1 0.2.29+0af3f5a790
	- fabric-data-attachment-api-v1 1.1.22+6a6dfa1990
	- fabric-data-generation-api-v1 20.2.6+16c4ae2590
	- fabric-dimensions-v1 4.0.0+6fc22b9990
	- fabric-entity-events-v1 1.6.12+6fc22b9990
	- fabric-events-interaction-v0 0.7.10+e633f88390
	- fabric-game-rule-api-v1 1.0.52+6573ed8c90
	- fabric-gametest-api-v1 2.0.0+6fc22b9990
	- fabric-item-api-v1 11.0.0+afdfc92190
	- fabric-item-group-api-v1 4.1.0+00ab0a6390
	- fabric-key-binding-api-v1 1.0.47+0af3f5a790
	- fabric-keybindings-v0 0.2.45+df3654b390
	- fabric-lifecycle-events-v1 2.3.9+98a7dbbb90
	- fabric-loot-api-v2 3.0.9+6573ed8c90
	- fabric-message-api-v1 6.0.13+6573ed8c90
	- fabric-model-loading-api-v1 2.0.0+fe474d6b90
	- fabric-networking-api-v1 4.1.0+686dcdce90
	- fabric-object-builder-api-v1 15.1.10+d132107690
	- fabric-particles-v1 4.0.2+6573ed8c90
	- fabric-recipe-api-v1 5.0.8+6573ed8c90
	- fabric-registry-sync-v0 5.0.21+b9828ba390
	- fabric-renderer-api-v1 3.2.16+fe474d6b90
	- fabric-renderer-indigo 1.6.3+cc9f121a90
	- fabric-renderer-registries-v1 3.2.66+df3654b390
	- fabric-rendering-data-attachment-v1 0.3.48+73761d2e90
	- fabric-rendering-fluids-v1 3.1.6+b559734490
	- fabric-rendering-v0 1.1.69+df3654b390
	- fabric-rendering-v1 5.0.3+d132107690
	- fabric-resource-conditions-api-v1 4.2.1+d153f34490
	- fabric-resource-loader-v0 1.1.3+b559734490
	- fabric-screen-api-v1 2.0.24+b559734490
	- fabric-screen-handler-api-v1 1.3.78+b559734490
	- fabric-sound-api-v1 1.0.23+6573ed8c90
	- fabric-transfer-api-v1 5.1.12+b559734490
	- fabric-transitive-access-wideners-v1 6.0.12+6573ed8c90
	- fabricloader 0.15.11
	- generated_cbbbf95 1.0.0
	- java 21
	- minecraft 1.21
	- mixinextras 0.3.5
[16:13:22] [main/INFO] (FabricLoader/Mixin) SpongePowered MIXIN Subsystem Version=0.8.5 Source=file:/C:/Users/samya/.gradle/caches/modules-2/files-2.1/net.fabricmc/sponge-mixin/0.13.3+mixin.0.8.5/9527e6b0d2449408958fd1302594dc65ec5ade9c/sponge-mixin-0.13.3+mixin.0.8.5.jar Service=Knot/Fabric Env=CLIENT
[16:13:22] [main/INFO] (FabricLoader/Mixin) Loaded Fabric development mappings for mixin remapper!
[16:13:22] [main/INFO] (FabricLoader/Mixin) Compatibility level set to JAVA_17
[16:13:22] [main/INFO] (FabricLoader/Mixin) Compatibility level set to JAVA_21
[16:13:25] [main/INFO] (FabricLoader/MixinExtras|Service) Initializing MixinExtras via com.llamalad7.mixinextras.service.MixinExtrasServiceImpl(version=0.3.5).
[16:13:27] [Datafixer Bootstrap/INFO] (Minecraft) 226 Datafixer optimizations took 642 milliseconds
[16:13:38] [Render thread/INFO] (Minecraft) Environment: Environment[sessionHost=https://sessionserver.mojang.com, servicesHost=https://api.minecraftservices.com, name=PROD]
[16:13:38] [Render thread/INFO] (Minecraft) Setting user: Player357
[16:13:39] [Render thread/INFO] (NetworkManagerImpl) Registering S2C receiver with id architectury:spawn_entity_packet
[16:13:39] [Render thread/INFO] (Indigo) [Indigo] Registering Indigo renderer!
[16:13:39] [Render thread/INFO] (Minecraft) Backend library: LWJGL version 3.3.3-snapshot
[16:13:42] [Render thread/INFO] (Minecraft) Reloading ResourceManager: vanilla, fabric, bottleinacloud, fabric-api, fabric-api-base, fabric-api-lookup-api-v1, fabric-biome-api-v1, fabric-block-api-v1, fabric-block-view-api-v2, fabric-blockrenderlayer-v1, fabric-client-tags-api-v1, fabric-command-api-v1, fabric-command-api-v2, fabric-commands-v0, fabric-content-registries-v0, fabric-convention-tags-v1, fabric-convention-tags-v2, fabric-crash-report-info-v1, fabric-data-attachment-api-v1, fabric-data-generation-api-v1, fabric-dimensions-v1, fabric-entity-events-v1, fabric-events-interaction-v0, fabric-game-rule-api-v1, fabric-gametest-api-v1, fabric-item-api-v1, fabric-item-group-api-v1, fabric-key-binding-api-v1, fabric-keybindings-v0, fabric-lifecycle-events-v1, fabric-loot-api-v2, fabric-message-api-v1, fabric-model-loading-api-v1, fabric-networking-api-v1, fabric-object-builder-api-v1, fabric-particles-v1, fabric-recipe-api-v1, fabric-registry-sync-v0, fabric-renderer-api-v1, fabric-renderer-indigo, fabric-renderer-registries-v1, fabric-rendering-data-attachment-v1, fabric-rendering-fluids-v1, fabric-rendering-v0, fabric-rendering-v1, fabric-resource-conditions-api-v1, fabric-resource-loader-v0, fabric-screen-api-v1, fabric-screen-handler-api-v1, fabric-sound-api-v1, fabric-transfer-api-v1, fabric-transitive-access-wideners-v1, fabricloader, generated_cbbbf95
[16:13:42] [Worker-Main-4/INFO] (Minecraft) Found unifont_all_no_pua-15.1.05.hex, loading
[16:13:43] [Worker-Main-9/INFO] (Minecraft) Found unifont_jp_patch-15.1.05.hex, loading
[16:13:45] [Render thread/WARN] (Minecraft) Missing sound for event: minecraft:item.goat_horn.play
[16:13:45] [Render thread/WARN] (Minecraft) Missing sound for event: minecraft:entity.goat.screaming.horn_break
[16:13:46] [Render thread/INFO] (Minecraft) OpenAL initialized on device OpenAL Soft on Headphone (Realtek(R) Audio)
[16:13:46] [Render thread/INFO] (Minecraft) Sound engine started
[16:13:46] [Render thread/INFO] (Minecraft) Created: 1024x512x4 minecraft:textures/atlas/blocks.png-atlas
[16:13:47] [Render thread/INFO] (Minecraft) Created: 256x256x4 minecraft:textures/atlas/signs.png-atlas
[16:13:47] [Render thread/INFO] (Minecraft) Created: 512x512x4 minecraft:textures/atlas/shield_patterns.png-atlas
[16:13:47] [Render thread/INFO] (Minecraft) Created: 512x512x4 minecraft:textures/atlas/banner_patterns.png-atlas
[16:13:47] [Render thread/INFO] (Minecraft) Created: 1024x1024x4 minecraft:textures/atlas/armor_trims.png-atlas
[16:13:48] [Render thread/INFO] (Minecraft) Created: 128x64x4 minecraft:textures/atlas/decorated_pot.png-atlas
[16:13:48] [Render thread/INFO] (Minecraft) Created: 256x256x4 minecraft:textures/atlas/chest.png-atlas
[16:13:48] [Render thread/INFO] (Minecraft) Created: 512x256x4 minecraft:textures/atlas/shulker_boxes.png-atlas
[16:13:48] [Render thread/INFO] (Minecraft) Created: 512x256x4 minecraft:textures/atlas/beds.png-atlas
[16:13:49] [Render thread/INFO] (Minecraft) Created: 512x256x0 minecraft:textures/atlas/particles.png-atlas
[16:13:49] [Render thread/INFO] (Minecraft) Created: 512x256x0 minecraft:textures/atlas/paintings.png-atlas
[16:13:49] [Render thread/INFO] (Minecraft) Created: 256x128x0 minecraft:textures/atlas/mob_effects.png-atlas
[16:13:49] [Render thread/INFO] (Minecraft) Created: 64x64x0 minecraft:textures/atlas/map_decorations.png-atlas
[16:13:49] [Render thread/INFO] (Minecraft) Created: 1024x512x0 minecraft:textures/atlas/gui.png-atlas
[16:13:49] [Render thread/WARN] (Minecraft) Shader rendertype_entity_translucent_emissive could not find sampler named Sampler2 in the specified shader program.
[16:13:55] [Render thread/WARN] (Minecraft) Missing data pack generated_c6db508
[16:13:55] [Render thread/INFO] (Minecraft) Found new data pack generated_cbbbf95, loading it automatically
[16:13:57] [Render thread/INFO] (Minecraft) Loaded 1290 recipes
[16:13:57] [Render thread/INFO] (Minecraft) Loaded 1399 advancements
[16:13:57] [Render thread/INFO] (BiomeModificationImpl) Applied 0 biome modifications to 0 of 64 new biomes in 4.779 ms
[16:13:57] [Server thread/INFO] (Minecraft) Starting integrated minecraft server version 1.21
[16:13:57] [Server thread/INFO] (Minecraft) Generating keypair
[16:14:00] [Server thread/INFO] (Minecraft) Preparing start region for dimension minecraft:overworld
[16:14:01] [Render thread/INFO] (Minecraft) Preparing spawn area: 0%
[16:14:01] [Render thread/INFO] (Minecraft) Preparing spawn area: 0%
[16:14:01] [Render thread/INFO] (Minecraft) Preparing spawn area: 85%
[16:14:01] [Render thread/INFO] (Minecraft) Time elapsed: 1111 ms
[16:14:01] [Server thread/INFO] (Minecraft) Changing view distance to 12, from 10
[16:14:01] [Server thread/INFO] (Minecraft) Changing simulation distance to 12, from 0
[16:14:04] [Server thread/ERROR] (Minecraft) Tried to load unrecognized recipe: bottleinacloud:compressed_cloud_block removed now.
[16:14:04] [Server thread/ERROR] (Minecraft) Tried to load unrecognized recipe: bottleinacloud:compressed_cloud_block removed now.
[16:14:04] [Server thread/INFO] (Minecraft) Player357[local:E:51be6859] logged in with entity id 10 at (7832.13470128156, 83.0, -3338.601142003801)
[16:14:05] [Server thread/INFO] (Minecraft) Player357 joined the game
[16:14:05] [Render thread/INFO] (Minecraft) Loaded 13 advancements
[16:16:29] [Render thread/INFO] (Minecraft) Loaded 16 advancements
[16:17:01] [Render thread/INFO] (Minecraft) Loaded 32 advancements
[16:19:14] [Server thread/INFO] (Minecraft) Saving and pausing game...
[16:19:14] [Server thread/INFO] (Minecraft) Saving chunks for level 'ServerLevel[Blockplacement Test]'/minecraft:overworld
[16:19:14] [Server thread/INFO] (Minecraft) Saving chunks for level 'ServerLevel[Blockplacement Test]'/minecraft:the_end
[16:19:14] [Server thread/INFO] (Minecraft) Saving chunks for level 'ServerLevel[Blockplacement Test]'/minecraft:the_nether
[16:19:15] [Server thread/INFO] (Minecraft) Player357 lost connection: Disconnected
[16:19:15] [Server thread/INFO] (Minecraft) Player357 left the game
[16:19:15] [Server thread/INFO] (Minecraft) Stopping singleplayer server as player logged out
[16:19:15] [Server thread/INFO] (Minecraft) Stopping server
[16:19:15] [Server thread/INFO] (Minecraft) Saving players
[16:19:15] [Server thread/INFO] (Minecraft) Saving worlds
[16:19:16] [Server thread/INFO] (Minecraft) Saving chunks for level 'ServerLevel[Blockplacement Test]'/minecraft:overworld
[16:19:18] [Server thread/INFO] (Minecraft) Saving chunks for level 'ServerLevel[Blockplacement Test]'/minecraft:the_end
[16:19:18] [Server thread/INFO] (Minecraft) Saving chunks for level 'ServerLevel[Blockplacement Test]'/minecraft:the_nether
[16:19:18] [Server thread/INFO] (Minecraft) ThreadedAnvilChunkStorage (Blockplacement Test): All chunks are saved
[16:19:18] [Server thread/INFO] (Minecraft) ThreadedAnvilChunkStorage (DIM1): All chunks are saved
[16:19:18] [Server thread/INFO] (Minecraft) ThreadedAnvilChunkStorage (DIM-1): All chunks are saved
[16:19:18] [Server thread/INFO] (Minecraft) ThreadedAnvilChunkStorage: All dimensions are saved
[16:19:19] [Render thread/INFO] (Minecraft) Stopping!
