[Architectury Transformer] Architectury Runtime 5.2.83
[Architectury Transformer DEBUG] Closed File Systems for C:\Users\samya\OneDrive\Pictures\Desktop\ModDev\Minecraft\BottleInACloud\common\build\devlibs\bottleinacloud-common-1.1-dev.jar
[Architectury Transformer DEBUG] Preparing tiny remapper prepared transformer: dev.architectury.transformer.handler.TinyRemapperPreparedTransformerHandler
[Architectury Transformer DEBUG] Provided 109 classpath jar(s):
[Architectury Transformer DEBUG]  - C:\Users\samya\.gradle\caches\modules-2\files-2.1\dev.architectury\architectury-injectables\1.0.10\62db2a366d662606d1b23ad02ccc3212ed37ec3\architectury-injectables-1.0.10.jar
[Architectury Transformer DEBUG]  - C:\Users\samya\.gradle\caches\modules-2\files-2.1\net.fabricmc\fabric-loader\0.15.11\9c2be53d84ec5c4fb58bb5b8d9c8a629047c9ee9\fabric-loader-0.15.11.jar
[Architectury Transformer DEBUG]  - C:\Users\samya\.gradle\caches\modules-2\files-2.1\org.jetbrains\annotations\24.1.0\7af6a669488450c4a07c2c3254e2151df42d7d04\annotations-24.1.0.jar
[Architectury Transformer DEBUG]  - C:\Users\samya\.gradle\caches\modules-2\files-2.1\org.ow2.asm\asm\9.6\aa205cf0a06dbd8e04ece91c0b37c3f5d567546a\asm-9.6.jar
[Architectury Transformer DEBUG]  - C:\Users\samya\.gradle\caches\modules-2\files-2.1\org.ow2.asm\asm-analysis\9.6\9ce6c7b174bd997fc2552dff47964546bd7a5ec3\asm-analysis-9.6.jar
[Architectury Transformer DEBUG]  - C:\Users\samya\.gradle\caches\modules-2\files-2.1\org.ow2.asm\asm-commons\9.6\f1a9e5508eff490744144565c47326c8648be309\asm-commons-9.6.jar
[Architectury Transformer DEBUG]  - C:\Users\samya\.gradle\caches\modules-2\files-2.1\org.ow2.asm\asm-tree\9.6\c0cdda9d211e965d2a4448aa3fd86110f2f8c2de\asm-tree-9.6.jar
[Architectury Transformer DEBUG]  - C:\Users\samya\.gradle\caches\modules-2\files-2.1\org.ow2.asm\asm-util\9.6\f77caf84eb93786a749b2baa40865b9613e3eaee\asm-util-9.6.jar
[Architectury Transformer DEBUG]  - C:\Users\samya\.gradle\caches\modules-2\files-2.1\net.fabricmc\sponge-mixin\0.13.3+mixin.0.8.5\9527e6b0d2449408958fd1302594dc65ec5ade9c\sponge-mixin-0.13.3+mixin.0.8.5.jar
[Architectury Transformer DEBUG]  - C:\Users\samya\.gradle\caches\modules-2\files-2.1\io.github.llamalad7\mixinextras-fabric\0.3.5\3b577be20ea942610b3045e4f0cd909fa415a9d3\mixinextras-fabric-0.3.5.jar
[Architectury Transformer DEBUG]  - C:\Users\samya\.gradle\caches\modules-2\files-2.1\com.github.oshi\oshi-core\6.4.10\b1d8ab82d11d92fd639b56d639f8f46f739dd5fa\oshi-core-6.4.10.jar
[Architectury Transformer DEBUG]  - C:\Users\samya\.gradle\caches\modules-2\files-2.1\com.google.code.gson\gson\2.10.1\b3add478d4382b78ea20b1671390a858002feb6c\gson-2.10.1.jar
[Architectury Transformer DEBUG]  - C:\Users\samya\.gradle\caches\modules-2\files-2.1\com.google.guava\failureaccess\1.0.1\1dcf1de382a0bf95a3d8b0849546c88bac1292c9\failureaccess-1.0.1.jar
[Architectury Transformer DEBUG]  - C:\Users\samya\.gradle\caches\modules-2\files-2.1\com.google.guava\guava\32.1.2-jre\5e64ec7e056456bef3a4bc4c6fdaef71e8ab6318\guava-32.1.2-jre.jar
[Architectury Transformer DEBUG]  - C:\Users\samya\.gradle\caches\modules-2\files-2.1\com.ibm.icu\icu4j\73.2\61ad4ef7f9131fcf6d25c34b817f90d6da06c9e9\icu4j-73.2.jar
[Architectury Transformer DEBUG]  - C:\Users\samya\.gradle\caches\modules-2\files-2.1\com.mojang\authlib\6.0.54\de8bc95660e1b2fe8793fd427a7a10dcec5b3ea7\authlib-6.0.54.jar
[Architectury Transformer DEBUG]  - C:\Users\samya\.gradle\caches\modules-2\files-2.1\com.mojang\blocklist\1.0.10\5c685c5ffa94c4cd39496c7184c1d122e515ecef\blocklist-1.0.10.jar
[Architectury Transformer DEBUG]  - C:\Users\samya\.gradle\caches\modules-2\files-2.1\com.mojang\brigadier\1.2.9\73e324f2ee541493a5179abf367237faa782ed21\brigadier-1.2.9.jar
[Architectury Transformer DEBUG]  - C:\Users\samya\.gradle\caches\modules-2\files-2.1\com.mojang\datafixerupper\8.0.16\67d4de6d7f95d89bcf5862995fb854ebaec02a34\datafixerupper-8.0.16.jar
[Architectury Transformer DEBUG]  - C:\Users\samya\.gradle\caches\modules-2\files-2.1\com.mojang\logging\1.2.7\24cb95ffb0e3433fd6e844c04e68009e504ca1c0\logging-1.2.7.jar
[Architectury Transformer DEBUG]  - C:\Users\samya\.gradle\caches\modules-2\files-2.1\com.mojang\patchy\2.2.10\da05971b07cbb379d002cf7eaec6a2048211fefc\patchy-2.2.10.jar
[Architectury Transformer DEBUG]  - C:\Users\samya\.gradle\caches\modules-2\files-2.1\com.mojang\text2speech\1.17.9\3cad216e3a7f0c19b4b394388bc9ffc446f13b14\text2speech-1.17.9.jar
[Architectury Transformer DEBUG]  - C:\Users\samya\.gradle\caches\modules-2\files-2.1\commons-codec\commons-codec\1.16.0\4e3eb3d79888d76b54e28b350915b5dc3919c9de\commons-codec-1.16.0.jar
[Architectury Transformer DEBUG]  - C:\Users\samya\.gradle\caches\modules-2\files-2.1\commons-io\commons-io\2.15.1\f11560da189ab563a5c8e351941415430e9304ea\commons-io-2.15.1.jar
[Architectury Transformer DEBUG]  - C:\Users\samya\.gradle\caches\modules-2\files-2.1\commons-logging\commons-logging\1.2\4bfc12adfe4842bf07b657f0369c4cb522955686\commons-logging-1.2.jar
[Architectury Transformer DEBUG]  - C:\Users\samya\.gradle\caches\modules-2\files-2.1\io.netty\netty-buffer\4.1.97.Final\f8f3d8644afa5e6e1a40a3a6aeb9d9aa970ecb4f\netty-buffer-4.1.97.Final.jar
[Architectury Transformer DEBUG]  - C:\Users\samya\.gradle\caches\modules-2\files-2.1\io.netty\netty-codec\4.1.97.Final\384ba4d75670befbedb45c4d3b497a93639c206d\netty-codec-4.1.97.Final.jar
[Architectury Transformer DEBUG]  - C:\Users\samya\.gradle\caches\modules-2\files-2.1\io.netty\netty-common\4.1.97.Final\7cceacaf11df8dc63f23d0fb58e9d4640fc88404\netty-common-4.1.97.Final.jar
[Architectury Transformer DEBUG]  - C:\Users\samya\.gradle\caches\modules-2\files-2.1\io.netty\netty-handler\4.1.97.Final\abb86c6906bf512bf2b797a41cd7d2e8d3cd7c36\netty-handler-4.1.97.Final.jar
[Architectury Transformer DEBUG]  - C:\Users\samya\.gradle\caches\modules-2\files-2.1\io.netty\netty-resolver\4.1.97.Final\cec8348108dc76c47cf87c669d514be52c922144\netty-resolver-4.1.97.Final.jar
[Architectury Transformer DEBUG]  - C:\Users\samya\.gradle\caches\modules-2\files-2.1\io.netty\netty-transport-classes-epoll\4.1.97.Final\795da37ded759e862457a82d9d92c4d39ce8ecee\netty-transport-classes-epoll-4.1.97.Final.jar
[Architectury Transformer DEBUG]  - C:\Users\samya\.gradle\caches\modules-2\files-2.1\io.netty\netty-transport-native-unix-common\4.1.97.Final\d469d84265ab70095b01b40886cabdd433b6e664\netty-transport-native-unix-common-4.1.97.Final.jar
[Architectury Transformer DEBUG]  - C:\Users\samya\.gradle\caches\modules-2\files-2.1\io.netty\netty-transport\4.1.97.Final\f37380d23c9bb079bc702910833b2fd532c9abd0\netty-transport-4.1.97.Final.jar
[Architectury Transformer DEBUG]  - C:\Users\samya\.gradle\caches\modules-2\files-2.1\it.unimi.dsi\fastutil\8.5.12\c24946d46824bd528054bface3231d2ecb7e95e8\fastutil-8.5.12.jar
[Architectury Transformer DEBUG]  - C:\Users\samya\.gradle\caches\modules-2\files-2.1\net.java.dev.jna\jna-platform\5.14.0\28934d48aed814f11e4c584da55c49fa7032b31b\jna-platform-5.14.0.jar
[Architectury Transformer DEBUG]  - C:\Users\samya\.gradle\caches\modules-2\files-2.1\net.java.dev.jna\jna\5.14.0\67bf3eaea4f0718cb376a181a629e5f88fa1c9dd\jna-5.14.0.jar
[Architectury Transformer DEBUG]  - C:\Users\samya\.gradle\caches\modules-2\files-2.1\net.sf.jopt-simple\jopt-simple\5.0.4\4fdac2fbe92dfad86aa6e9301736f6b4342a3f5c\jopt-simple-5.0.4.jar
[Architectury Transformer DEBUG]  - C:\Users\samya\.gradle\caches\modules-2\files-2.1\org.apache.commons\commons-compress\1.26.0\659feffdd12280201c8aacb8f7be94f9a883c824\commons-compress-1.26.0.jar
[Architectury Transformer DEBUG]  - C:\Users\samya\.gradle\caches\modules-2\files-2.1\org.apache.commons\commons-lang3\3.14.0\1ed471194b02f2c6cb734a0cd6f6f107c673afae\commons-lang3-3.14.0.jar
[Architectury Transformer DEBUG]  - C:\Users\samya\.gradle\caches\modules-2\files-2.1\org.apache.httpcomponents\httpclient\4.5.13\e5f6cae5ca7ecaac1ec2827a9e2d65ae2869cada\httpclient-4.5.13.jar
[Architectury Transformer DEBUG]  - C:\Users\samya\.gradle\caches\modules-2\files-2.1\org.apache.httpcomponents\httpcore\4.4.16\51cf043c87253c9f58b539c9f7e44c8894223850\httpcore-4.4.16.jar
[Architectury Transformer DEBUG]  - C:\Users\samya\.gradle\caches\modules-2\files-2.1\org.apache.logging.log4j\log4j-api\2.22.1\bea6fede6328fabafd7e68363161a7ea6605abd1\log4j-api-2.22.1.jar
[Architectury Transformer DEBUG]  - C:\Users\samya\.gradle\caches\modules-2\files-2.1\org.apache.logging.log4j\log4j-core\2.22.1\7183a25510a02ad00cc6a95d3b3d2a7d3c5a8dc4\log4j-core-2.22.1.jar
[Architectury Transformer DEBUG]  - C:\Users\samya\.gradle\caches\modules-2\files-2.1\org.apache.logging.log4j\log4j-slf4j2-impl\2.22.1\d7e6693c2606cb7e7335047d7bb96dec52db5665\log4j-slf4j2-impl-2.22.1.jar
[Architectury Transformer DEBUG]  - C:\Users\samya\.gradle\caches\modules-2\files-2.1\org.jcraft\jorbis\0.0.17\8872d22b293e8f5d7d56ff92be966e6dc28ebdc6\jorbis-0.0.17.jar
[Architectury Transformer DEBUG]  - C:\Users\samya\.gradle\caches\modules-2\files-2.1\org.joml\joml\1.10.5\22566d58af70ad3d72308bab63b8339906deb649\joml-1.10.5.jar
[Architectury Transformer DEBUG]  - C:\Users\samya\.gradle\caches\modules-2\files-2.1\org.lwjgl\lwjgl-freetype\3.3.3\a0db6c84a8becc8ca05f9dbfa985edc348a824c7\lwjgl-freetype-3.3.3.jar
[Architectury Transformer DEBUG]  - C:\Users\samya\.gradle\caches\modules-2\files-2.1\org.lwjgl\lwjgl-glfw\3.3.3\efa1eb78c5ccd840e9f329717109b5e892d72f8e\lwjgl-glfw-3.3.3.jar
[Architectury Transformer DEBUG]  - C:\Users\samya\.gradle\caches\modules-2\files-2.1\org.lwjgl\lwjgl-jemalloc\3.3.3\b543467b7ff3c6920539a88ee602d34098628be5\lwjgl-jemalloc-3.3.3.jar
[Architectury Transformer DEBUG]  - C:\Users\samya\.gradle\caches\modules-2\files-2.1\org.lwjgl\lwjgl-openal\3.3.3\daada81ceb5fc0c291fbfdd4433cb8d9423577f2\lwjgl-openal-3.3.3.jar
[Architectury Transformer DEBUG]  - C:\Users\samya\.gradle\caches\modules-2\files-2.1\org.lwjgl\lwjgl-opengl\3.3.3\2f6b0147078396a58979125a4c947664e98293a\lwjgl-opengl-3.3.3.jar
[Architectury Transformer DEBUG]  - C:\Users\samya\.gradle\caches\modules-2\files-2.1\org.lwjgl\lwjgl-stb\3.3.3\25dd6161988d7e65f71d5065c99902402ee32746\lwjgl-stb-3.3.3.jar
[Architectury Transformer DEBUG]  - C:\Users\samya\.gradle\caches\modules-2\files-2.1\org.lwjgl\lwjgl-tinyfd\3.3.3\82d755ca94b102e9ca77283b9e2dc46d1b15fbe5\lwjgl-tinyfd-3.3.3.jar
[Architectury Transformer DEBUG]  - C:\Users\samya\.gradle\caches\modules-2\files-2.1\org.lwjgl\lwjgl\3.3.3\29589b5f87ed335a6c7e7ee6a5775f81f97ecb84\lwjgl-3.3.3.jar
[Architectury Transformer DEBUG]  - C:\Users\samya\.gradle\caches\modules-2\files-2.1\org.lz4\lz4-java\1.8.0\4b986a99445e49ea5fbf5d149c4b63f6ed6c6780\lz4-java-1.8.0.jar
[Architectury Transformer DEBUG]  - C:\Users\samya\.gradle\caches\modules-2\files-2.1\org.slf4j\slf4j-api\2.0.9\7cf2726fdcfbc8610f9a71fb3ed639871f315340\slf4j-api-2.0.9.jar
[Architectury Transformer DEBUG]  - C:\Users\samya\OneDrive\Pictures\Desktop\ModDev\Minecraft\BottleInACloud\.gradle\loom-cache\minecraftMaven\net\minecraft\minecraft-merged-d3cab96645\1.21-loom.mappings.1_21.layered+hash.40545-v2\minecraft-merged-d3cab96645-1.21-loom.mappings.1_21.layered+hash.40545-v2.jar
[Architectury Transformer DEBUG]  - C:\Users\samya\.gradle\caches\modules-2\files-2.1\io.netty\netty-transport-native-epoll\4.1.97.Final\54188f271e388e7f313aea995e82f58ce2cdb809\netty-transport-native-epoll-4.1.97.Final-linux-x86_64.jar
[Architectury Transformer DEBUG]  - C:\Users\samya\.gradle\caches\modules-2\files-2.1\io.netty\netty-transport-native-epoll\4.1.97.Final\5514744c588190ffda076b35a9b8c9f24946a960\netty-transport-native-epoll-4.1.97.Final-linux-aarch_64.jar
[Architectury Transformer DEBUG]  - C:\Users\samya\OneDrive\Pictures\Desktop\ModDev\Minecraft\BottleInACloud\.gradle\loom-cache\remapped_mods\loom_mappings_1_21_layered_hash_40545_v2\net\fabricmc\fabric-api\fabric-api\0.100.1+1.21\fabric-api-0.100.1+1.21.jar
[Architectury Transformer DEBUG]  - C:\Users\samya\OneDrive\Pictures\Desktop\ModDev\Minecraft\BottleInACloud\.gradle\loom-cache\remapped_mods\loom_mappings_1_21_layered_hash_40545_v2\dev\architectury\architectury-fabric\13.0.3\architectury-fabric-13.0.3.jar
[Architectury Transformer DEBUG]  - C:\Users\samya\OneDrive\Pictures\Desktop\ModDev\Minecraft\BottleInACloud\.gradle\loom-cache\remapped_mods\loom_mappings_1_21_layered_hash_40545_v2\net\fabricmc\fabric-api\fabric-transfer-api-v1\5.1.12+b559734490\fabric-transfer-api-v1-5.1.12+b559734490.jar
[Architectury Transformer DEBUG]  - C:\Users\samya\OneDrive\Pictures\Desktop\ModDev\Minecraft\BottleInACloud\.gradle\loom-cache\remapped_mods\loom_mappings_1_21_layered_hash_40545_v2\net\fabricmc\fabric-api\fabric-api-lookup-api-v1\1.6.65+b559734490\fabric-api-lookup-api-v1-1.6.65+b559734490.jar
[Architectury Transformer DEBUG]  - C:\Users\samya\OneDrive\Pictures\Desktop\ModDev\Minecraft\BottleInACloud\.gradle\loom-cache\remapped_mods\loom_mappings_1_21_layered_hash_40545_v2\net\fabricmc\fabric-api\fabric-blockrenderlayer-v1\1.1.52+0af3f5a790\fabric-blockrenderlayer-v1-1.1.52+0af3f5a790.jar
[Architectury Transformer DEBUG]  - C:\Users\samya\OneDrive\Pictures\Desktop\ModDev\Minecraft\BottleInACloud\.gradle\loom-cache\remapped_mods\loom_mappings_1_21_layered_hash_40545_v2\net\fabricmc\fabric-api\fabric-client-tags-api-v1\1.1.15+6573ed8c90\fabric-client-tags-api-v1-1.1.15+6573ed8c90.jar
[Architectury Transformer DEBUG]  - C:\Users\samya\OneDrive\Pictures\Desktop\ModDev\Minecraft\BottleInACloud\.gradle\loom-cache\remapped_mods\loom_mappings_1_21_layered_hash_40545_v2\net\fabricmc\fabric-api\fabric-command-api-v1\1.2.48+f71b366f90\fabric-command-api-v1-1.2.48+f71b366f90.jar
[Architectury Transformer DEBUG]  - C:\Users\samya\OneDrive\Pictures\Desktop\ModDev\Minecraft\BottleInACloud\.gradle\loom-cache\remapped_mods\loom_mappings_1_21_layered_hash_40545_v2\net\fabricmc\fabric-api\fabric-commands-v0\0.2.65+df3654b390\fabric-commands-v0-0.2.65+df3654b390.jar
[Architectury Transformer DEBUG]  - C:\Users\samya\OneDrive\Pictures\Desktop\ModDev\Minecraft\BottleInACloud\.gradle\loom-cache\remapped_mods\loom_mappings_1_21_layered_hash_40545_v2\net\fabricmc\fabric-api\fabric-command-api-v2\2.2.27+6a6dfa1990\fabric-command-api-v2-2.2.27+6a6dfa1990.jar
[Architectury Transformer DEBUG]  - C:\Users\samya\OneDrive\Pictures\Desktop\ModDev\Minecraft\BottleInACloud\.gradle\loom-cache\remapped_mods\loom_mappings_1_21_layered_hash_40545_v2\net\fabricmc\fabric-api\fabric-content-registries-v0\8.0.11+b559734490\fabric-content-registries-v0-8.0.11+b559734490.jar
[Architectury Transformer DEBUG]  - C:\Users\samya\OneDrive\Pictures\Desktop\ModDev\Minecraft\BottleInACloud\.gradle\loom-cache\remapped_mods\loom_mappings_1_21_layered_hash_40545_v2\net\fabricmc\fabric-api\fabric-data-generation-api-v1\20.2.6+16c4ae2590\fabric-data-generation-api-v1-20.2.6+16c4ae2590.jar
[Architectury Transformer DEBUG]  - C:\Users\samya\OneDrive\Pictures\Desktop\ModDev\Minecraft\BottleInACloud\.gradle\loom-cache\remapped_mods\loom_mappings_1_21_layered_hash_40545_v2\net\fabricmc\fabric-api\fabric-convention-tags-v1\2.0.12+7f945d5b90\fabric-convention-tags-v1-2.0.12+7f945d5b90.jar
[Architectury Transformer DEBUG]  - C:\Users\samya\OneDrive\Pictures\Desktop\ModDev\Minecraft\BottleInACloud\.gradle\loom-cache\remapped_mods\loom_mappings_1_21_layered_hash_40545_v2\net\fabricmc\fabric-api\fabric-convention-tags-v2\2.2.1+d153f34490\fabric-convention-tags-v2-2.2.1+d153f34490.jar
[Architectury Transformer DEBUG]  - C:\Users\samya\OneDrive\Pictures\Desktop\ModDev\Minecraft\BottleInACloud\.gradle\loom-cache\remapped_mods\loom_mappings_1_21_layered_hash_40545_v2\net\fabricmc\fabric-api\fabric-data-attachment-api-v1\1.1.22+6a6dfa1990\fabric-data-attachment-api-v1-1.1.22+6a6dfa1990.jar
[Architectury Transformer DEBUG]  - C:\Users\samya\OneDrive\Pictures\Desktop\ModDev\Minecraft\BottleInACloud\.gradle\loom-cache\remapped_mods\loom_mappings_1_21_layered_hash_40545_v2\net\fabricmc\fabric-api\fabric-entity-events-v1\1.6.12+6fc22b9990\fabric-entity-events-v1-1.6.12+6fc22b9990.jar
[Architectury Transformer DEBUG]  - C:\Users\samya\OneDrive\Pictures\Desktop\ModDev\Minecraft\BottleInACloud\.gradle\loom-cache\remapped_mods\loom_mappings_1_21_layered_hash_40545_v2\net\fabricmc\fabric-api\fabric-events-interaction-v0\0.7.10+e633f88390\fabric-events-interaction-v0-0.7.10+e633f88390.jar
[Architectury Transformer DEBUG]  - C:\Users\samya\OneDrive\Pictures\Desktop\ModDev\Minecraft\BottleInACloud\.gradle\loom-cache\remapped_mods\loom_mappings_1_21_layered_hash_40545_v2\net\fabricmc\fabric-api\fabric-gametest-api-v1\2.0.0+6fc22b9990\fabric-gametest-api-v1-2.0.0+6fc22b9990.jar
[Architectury Transformer DEBUG]  - C:\Users\samya\OneDrive\Pictures\Desktop\ModDev\Minecraft\BottleInACloud\.gradle\loom-cache\remapped_mods\loom_mappings_1_21_layered_hash_40545_v2\net\fabricmc\fabric-api\fabric-item-api-v1\11.0.0+afdfc92190\fabric-item-api-v1-11.0.0+afdfc92190.jar
[Architectury Transformer DEBUG]  - C:\Users\samya\OneDrive\Pictures\Desktop\ModDev\Minecraft\BottleInACloud\.gradle\loom-cache\remapped_mods\loom_mappings_1_21_layered_hash_40545_v2\net\fabricmc\fabric-api\fabric-item-group-api-v1\4.1.0+00ab0a6390\fabric-item-group-api-v1-4.1.0+00ab0a6390.jar
[Architectury Transformer DEBUG]  - C:\Users\samya\OneDrive\Pictures\Desktop\ModDev\Minecraft\BottleInACloud\.gradle\loom-cache\remapped_mods\loom_mappings_1_21_layered_hash_40545_v2\net\fabricmc\fabric-api\fabric-lifecycle-events-v1\2.3.9+98a7dbbb90\fabric-lifecycle-events-v1-2.3.9+98a7dbbb90.jar
[Architectury Transformer DEBUG]  - C:\Users\samya\OneDrive\Pictures\Desktop\ModDev\Minecraft\BottleInACloud\.gradle\loom-cache\remapped_mods\loom_mappings_1_21_layered_hash_40545_v2\net\fabricmc\fabric-api\fabric-loot-api-v2\3.0.9+6573ed8c90\fabric-loot-api-v2-3.0.9+6573ed8c90.jar
[Architectury Transformer DEBUG]  - C:\Users\samya\OneDrive\Pictures\Desktop\ModDev\Minecraft\BottleInACloud\.gradle\loom-cache\remapped_mods\loom_mappings_1_21_layered_hash_40545_v2\net\fabricmc\fabric-api\fabric-message-api-v1\6.0.13+6573ed8c90\fabric-message-api-v1-6.0.13+6573ed8c90.jar
[Architectury Transformer DEBUG]  - C:\Users\samya\OneDrive\Pictures\Desktop\ModDev\Minecraft\BottleInACloud\.gradle\loom-cache\remapped_mods\loom_mappings_1_21_layered_hash_40545_v2\net\fabricmc\fabric-api\fabric-model-loading-api-v1\2.0.0+fe474d6b90\fabric-model-loading-api-v1-2.0.0+fe474d6b90.jar
[Architectury Transformer DEBUG]  - C:\Users\samya\OneDrive\Pictures\Desktop\ModDev\Minecraft\BottleInACloud\.gradle\loom-cache\remapped_mods\loom_mappings_1_21_layered_hash_40545_v2\net\fabricmc\fabric-api\fabric-recipe-api-v1\5.0.8+6573ed8c90\fabric-recipe-api-v1-5.0.8+6573ed8c90.jar
[Architectury Transformer DEBUG]  - C:\Users\samya\OneDrive\Pictures\Desktop\ModDev\Minecraft\BottleInACloud\.gradle\loom-cache\remapped_mods\loom_mappings_1_21_layered_hash_40545_v2\net\fabricmc\fabric-api\fabric-screen-handler-api-v1\1.3.78+b559734490\fabric-screen-handler-api-v1-1.3.78+b559734490.jar
[Architectury Transformer DEBUG]  - C:\Users\samya\OneDrive\Pictures\Desktop\ModDev\Minecraft\BottleInACloud\.gradle\loom-cache\remapped_mods\loom_mappings_1_21_layered_hash_40545_v2\net\fabricmc\fabric-api\fabric-registry-sync-v0\5.0.21+b9828ba390\fabric-registry-sync-v0-5.0.21+b9828ba390.jar
[Architectury Transformer DEBUG]  - C:\Users\samya\OneDrive\Pictures\Desktop\ModDev\Minecraft\BottleInACloud\.gradle\loom-cache\remapped_mods\loom_mappings_1_21_layered_hash_40545_v2\net\fabricmc\fabric-api\fabric-networking-api-v1\4.1.0+686dcdce90\fabric-networking-api-v1-4.1.0+686dcdce90.jar
[Architectury Transformer DEBUG]  - C:\Users\samya\OneDrive\Pictures\Desktop\ModDev\Minecraft\BottleInACloud\.gradle\loom-cache\remapped_mods\loom_mappings_1_21_layered_hash_40545_v2\net\fabricmc\fabric-api\fabric-object-builder-api-v1\15.1.10+d132107690\fabric-object-builder-api-v1-15.1.10+d132107690.jar
[Architectury Transformer DEBUG]  - C:\Users\samya\OneDrive\Pictures\Desktop\ModDev\Minecraft\BottleInACloud\.gradle\loom-cache\remapped_mods\loom_mappings_1_21_layered_hash_40545_v2\net\fabricmc\fabric-api\fabric-particles-v1\4.0.2+6573ed8c90\fabric-particles-v1-4.0.2+6573ed8c90.jar
[Architectury Transformer DEBUG]  - C:\Users\samya\OneDrive\Pictures\Desktop\ModDev\Minecraft\BottleInACloud\.gradle\loom-cache\remapped_mods\loom_mappings_1_21_layered_hash_40545_v2\net\fabricmc\fabric-api\fabric-renderer-indigo\1.6.3+cc9f121a90\fabric-renderer-indigo-1.6.3+cc9f121a90.jar
[Architectury Transformer DEBUG]  - C:\Users\samya\OneDrive\Pictures\Desktop\ModDev\Minecraft\BottleInACloud\.gradle\loom-cache\remapped_mods\loom_mappings_1_21_layered_hash_40545_v2\net\fabricmc\fabric-api\fabric-renderer-api-v1\3.2.16+fe474d6b90\fabric-renderer-api-v1-3.2.16+fe474d6b90.jar
[Architectury Transformer DEBUG]  - C:\Users\samya\OneDrive\Pictures\Desktop\ModDev\Minecraft\BottleInACloud\.gradle\loom-cache\remapped_mods\loom_mappings_1_21_layered_hash_40545_v2\net\fabricmc\fabric-api\fabric-rendering-fluids-v1\3.1.6+b559734490\fabric-rendering-fluids-v1-3.1.6+b559734490.jar
[Architectury Transformer DEBUG]  - C:\Users\samya\OneDrive\Pictures\Desktop\ModDev\Minecraft\BottleInACloud\.gradle\loom-cache\remapped_mods\loom_mappings_1_21_layered_hash_40545_v2\net\fabricmc\fabric-api\fabric-renderer-registries-v1\3.2.66+df3654b390\fabric-renderer-registries-v1-3.2.66+df3654b390.jar
[Architectury Transformer DEBUG]  - C:\Users\samya\OneDrive\Pictures\Desktop\ModDev\Minecraft\BottleInACloud\.gradle\loom-cache\remapped_mods\loom_mappings_1_21_layered_hash_40545_v2\net\fabricmc\fabric-api\fabric-rendering-v0\1.1.69+df3654b390\fabric-rendering-v0-1.1.69+df3654b390.jar
[Architectury Transformer DEBUG]  - C:\Users\samya\OneDrive\Pictures\Desktop\ModDev\Minecraft\BottleInACloud\.gradle\loom-cache\remapped_mods\loom_mappings_1_21_layered_hash_40545_v2\net\fabricmc\fabric-api\fabric-rendering-v1\5.0.3+d132107690\fabric-rendering-v1-5.0.3+d132107690.jar
[Architectury Transformer DEBUG]  - C:\Users\samya\OneDrive\Pictures\Desktop\ModDev\Minecraft\BottleInACloud\.gradle\loom-cache\remapped_mods\loom_mappings_1_21_layered_hash_40545_v2\net\fabricmc\fabric-api\fabric-screen-api-v1\2.0.24+b559734490\fabric-screen-api-v1-2.0.24+b559734490.jar
[Architectury Transformer DEBUG]  - C:\Users\samya\OneDrive\Pictures\Desktop\ModDev\Minecraft\BottleInACloud\.gradle\loom-cache\remapped_mods\loom_mappings_1_21_layered_hash_40545_v2\net\fabricmc\fabric-api\fabric-api-base\0.4.42+6573ed8c90\fabric-api-base-0.4.42+6573ed8c90.jar
[Architectury Transformer DEBUG]  - C:\Users\samya\OneDrive\Pictures\Desktop\ModDev\Minecraft\BottleInACloud\.gradle\loom-cache\remapped_mods\loom_mappings_1_21_layered_hash_40545_v2\net\fabricmc\fabric-api\fabric-biome-api-v1\13.0.28+6fc22b9990\fabric-biome-api-v1-13.0.28+6fc22b9990.jar
[Architectury Transformer DEBUG]  - C:\Users\samya\OneDrive\Pictures\Desktop\ModDev\Minecraft\BottleInACloud\.gradle\loom-cache\remapped_mods\loom_mappings_1_21_layered_hash_40545_v2\net\fabricmc\fabric-api\fabric-block-api-v1\1.0.22+0af3f5a790\fabric-block-api-v1-1.0.22+0af3f5a790.jar
[Architectury Transformer DEBUG]  - C:\Users\samya\OneDrive\Pictures\Desktop\ModDev\Minecraft\BottleInACloud\.gradle\loom-cache\remapped_mods\loom_mappings_1_21_layered_hash_40545_v2\net\fabricmc\fabric-api\fabric-rendering-data-attachment-v1\0.3.48+73761d2e90\fabric-rendering-data-attachment-v1-0.3.48+73761d2e90.jar
[Architectury Transformer DEBUG]  - C:\Users\samya\OneDrive\Pictures\Desktop\ModDev\Minecraft\BottleInACloud\.gradle\loom-cache\remapped_mods\loom_mappings_1_21_layered_hash_40545_v2\net\fabricmc\fabric-api\fabric-block-view-api-v2\1.0.10+6573ed8c90\fabric-block-view-api-v2-1.0.10+6573ed8c90.jar
[Architectury Transformer DEBUG]  - C:\Users\samya\OneDrive\Pictures\Desktop\ModDev\Minecraft\BottleInACloud\.gradle\loom-cache\remapped_mods\loom_mappings_1_21_layered_hash_40545_v2\net\fabricmc\fabric-api\fabric-crash-report-info-v1\0.2.29+0af3f5a790\fabric-crash-report-info-v1-0.2.29+0af3f5a790.jar
[Architectury Transformer DEBUG]  - C:\Users\samya\OneDrive\Pictures\Desktop\ModDev\Minecraft\BottleInACloud\.gradle\loom-cache\remapped_mods\loom_mappings_1_21_layered_hash_40545_v2\net\fabricmc\fabric-api\fabric-dimensions-v1\4.0.0+6fc22b9990\fabric-dimensions-v1-4.0.0+6fc22b9990.jar
[Architectury Transformer DEBUG]  - C:\Users\samya\OneDrive\Pictures\Desktop\ModDev\Minecraft\BottleInACloud\.gradle\loom-cache\remapped_mods\loom_mappings_1_21_layered_hash_40545_v2\net\fabricmc\fabric-api\fabric-game-rule-api-v1\1.0.52+6573ed8c90\fabric-game-rule-api-v1-1.0.52+6573ed8c90.jar
[Architectury Transformer DEBUG]  - C:\Users\samya\OneDrive\Pictures\Desktop\ModDev\Minecraft\BottleInACloud\.gradle\loom-cache\remapped_mods\loom_mappings_1_21_layered_hash_40545_v2\net\fabricmc\fabric-api\fabric-keybindings-v0\0.2.45+df3654b390\fabric-keybindings-v0-0.2.45+df3654b390.jar
[Architectury Transformer DEBUG]  - C:\Users\samya\OneDrive\Pictures\Desktop\ModDev\Minecraft\BottleInACloud\.gradle\loom-cache\remapped_mods\loom_mappings_1_21_layered_hash_40545_v2\net\fabricmc\fabric-api\fabric-key-binding-api-v1\1.0.47+0af3f5a790\fabric-key-binding-api-v1-1.0.47+0af3f5a790.jar
[Architectury Transformer DEBUG]  - C:\Users\samya\OneDrive\Pictures\Desktop\ModDev\Minecraft\BottleInACloud\.gradle\loom-cache\remapped_mods\loom_mappings_1_21_layered_hash_40545_v2\net\fabricmc\fabric-api\fabric-resource-conditions-api-v1\4.2.1+d153f34490\fabric-resource-conditions-api-v1-4.2.1+d153f34490.jar
[Architectury Transformer DEBUG]  - C:\Users\samya\OneDrive\Pictures\Desktop\ModDev\Minecraft\BottleInACloud\.gradle\loom-cache\remapped_mods\loom_mappings_1_21_layered_hash_40545_v2\net\fabricmc\fabric-api\fabric-resource-loader-v0\1.1.3+b559734490\fabric-resource-loader-v0-1.1.3+b559734490.jar
[Architectury Transformer DEBUG]  - C:\Users\samya\OneDrive\Pictures\Desktop\ModDev\Minecraft\BottleInACloud\.gradle\loom-cache\remapped_mods\loom_mappings_1_21_layered_hash_40545_v2\net\fabricmc\fabric-api\fabric-sound-api-v1\1.0.23+6573ed8c90\fabric-sound-api-v1-1.0.23+6573ed8c90.jar
[Architectury Transformer DEBUG]  - C:\Users\samya\OneDrive\Pictures\Desktop\ModDev\Minecraft\BottleInACloud\.gradle\loom-cache\remapped_mods\loom_mappings_1_21_layered_hash_40545_v2\net\fabricmc\fabric-api\fabric-transitive-access-wideners-v1\6.0.12+6573ed8c90\fabric-transitive-access-wideners-v1-6.0.12+6573ed8c90.jar
[Architectury Transformer] Read classpath in 1.969 s
[Architectury Transformer DEBUG] Closed File Systems for C:\Users\samya\OneDrive\Pictures\Desktop\ModDev\Minecraft\BottleInACloud\common\build\devlibs\bottleinacloud-common-1.1-dev.jar
[Architectury Transformer DEBUG] Transforming 5 transformer(s) from C:\Users\samya\OneDrive\Pictures\Desktop\ModDev\Minecraft\BottleInACloud\common\build\devlibs\bottleinacloud-common-1.1-dev.jar to C:\Users\samya\AppData\Local\Temp\14587338623540721005.jar: 
[Architectury Transformer DEBUG]  - dev.architectury.transformer.transformers.RuntimeMixinRefmapDetector@704d6e83
[Architectury Transformer DEBUG]  - dev.architectury.transformer.transformers.GenerateFakeFabricMod@43a0cee9
[Architectury Transformer DEBUG]  - dev.architectury.transformer.transformers.TransformExpectPlatform@eb21112
[Architectury Transformer DEBUG]  - dev.architectury.transformer.transformers.RemapInjectables@2eda0940
[Architectury Transformer DEBUG]  - dev.architectury.transformer.transformers.TransformPlatformOnly@3578436e
[Architectury Transformer DEBUG] Transforming from C:\Users\samya\OneDrive\Pictures\Desktop\ModDev\Minecraft\BottleInACloud\common\build\devlibs\bottleinacloud-common-1.1-dev.jar to C:\Users\samya\AppData\Local\Temp\14587338623540721005.jar with 5 transformer(s) on dev.architectury.transformer.handler.SimpleTransformerHandler
[Architectury Transformer DEBUG] Found class transformer
[Architectury Transformer DEBUG] Writing com/qzimyion/blocks/DecayingCloudBlock with maxs=true frames=true
[Architectury Transformer DEBUG] Writing com/qzimyion/blocks/EctoplasmBlock with maxs=true frames=true
[Architectury Transformer DEBUG] Writing com/qzimyion/blocks/NonNewtonianBlock with maxs=true frames=true
[Architectury Transformer DEBUG] Writing com/qzimyion/BottleInACloudModMain with maxs=true frames=true
[Architectury Transformer DEBUG] Writing com/qzimyion/items/MidAirBucketItem with maxs=true frames=true
[Architectury Transformer DEBUG] Writing com/qzimyion/items/MidAirPlacementBlockItem with maxs=true frames=true
[Architectury Transformer DEBUG] Writing com/qzimyion/items/MidAirScaffoldItem with maxs=true frames=true
[Architectury Transformer DEBUG] Writing com/qzimyion/mixin/CameraMixin with maxs=true frames=true
[Architectury Transformer DEBUG] Writing com/qzimyion/registry/BlockRegistry with maxs=true frames=true
[Architectury Transformer DEBUG] Writing com/qzimyion/registry/Events with maxs=true frames=true
[Architectury Transformer DEBUG] Writing com/qzimyion/registry/ItemRegistry with maxs=true frames=true
[Architectury Transformer DEBUG] Checking whether /bottleinacloud-common-common-refmap.json is a mixin config.
[Architectury Transformer DEBUG] Checking whether /bottleinacloud.mixins.json is a mixin config.
[Architectury Transformer DEBUG] Closed File Systems for C:\Users\samya\AppData\Local\Temp\14587338623540721005.jar
[Architectury Transformer] Listening at C:\Users\samya\OneDrive\Pictures\Desktop\ModDev\Minecraft\BottleInACloud\common\build\devlibs\bottleinacloud-common-1.1-dev.jar
[Architectury Transformer DEBUG] Transforming from com/qzimyion/BottleInACloudModMain.class to com/qzimyion/BottleInACloudModMain.class with 5 transformer(s) on dev.architectury.transformer.handler.TinyRemapperPreparedTransformerHandler
[Architectury Transformer DEBUG] Found class transformer
[Architectury Transformer DEBUG] Writing com/qzimyion/BottleInACloudModMain with maxs=true frames=true
[Architectury Transformer DEBUG] Transformed com/qzimyion/BottleInACloudModMain in 2.634 ms
[Architectury Transformer DEBUG] Transforming from com/qzimyion/registry/BlockRegistry.class to com/qzimyion/registry/BlockRegistry.class with 5 transformer(s) on dev.architectury.transformer.handler.TinyRemapperPreparedTransformerHandler
[Architectury Transformer DEBUG] Found class transformer
[Architectury Transformer DEBUG] Writing com/qzimyion/registry/BlockRegistry with maxs=true frames=true
[Architectury Transformer DEBUG] Transformed com/qzimyion/registry/BlockRegistry in 1.057 ms
[Architectury Transformer DEBUG] Transforming from com/qzimyion/blocks/DecayingCloudBlock.class to com/qzimyion/blocks/DecayingCloudBlock.class with 5 transformer(s) on dev.architectury.transformer.handler.TinyRemapperPreparedTransformerHandler
[Architectury Transformer DEBUG] Found class transformer
[Architectury Transformer DEBUG] Writing com/qzimyion/blocks/DecayingCloudBlock with maxs=true frames=true
[Architectury Transformer DEBUG] Transformed com/qzimyion/blocks/DecayingCloudBlock in 2.034 ms
[Architectury Transformer DEBUG] Transforming from com/qzimyion/blocks/NonNewtonianBlock.class to com/qzimyion/blocks/NonNewtonianBlock.class with 5 transformer(s) on dev.architectury.transformer.handler.TinyRemapperPreparedTransformerHandler
[Architectury Transformer DEBUG] Found class transformer
[Architectury Transformer DEBUG] Writing com/qzimyion/blocks/NonNewtonianBlock with maxs=true frames=true
[Architectury Transformer DEBUG] Transformed com/qzimyion/blocks/NonNewtonianBlock in 921.7 μs
[Architectury Transformer DEBUG] Transforming from com/qzimyion/blocks/EctoplasmBlock.class to com/qzimyion/blocks/EctoplasmBlock.class with 5 transformer(s) on dev.architectury.transformer.handler.TinyRemapperPreparedTransformerHandler
[Architectury Transformer DEBUG] Found class transformer
[Architectury Transformer DEBUG] Writing com/qzimyion/blocks/EctoplasmBlock with maxs=true frames=true
[Architectury Transformer DEBUG] Transformed com/qzimyion/blocks/EctoplasmBlock in 926.6 μs
[Architectury Transformer DEBUG] Transforming from com/qzimyion/registry/ItemRegistry.class to com/qzimyion/registry/ItemRegistry.class with 5 transformer(s) on dev.architectury.transformer.handler.TinyRemapperPreparedTransformerHandler
[Architectury Transformer DEBUG] Found class transformer
[Architectury Transformer DEBUG] Writing com/qzimyion/registry/ItemRegistry with maxs=true frames=true
[Architectury Transformer DEBUG] Transformed com/qzimyion/registry/ItemRegistry in 863.3 μs
[Architectury Transformer DEBUG] Transforming from com/qzimyion/items/MidAirScaffoldItem.class to com/qzimyion/items/MidAirScaffoldItem.class with 5 transformer(s) on dev.architectury.transformer.handler.TinyRemapperPreparedTransformerHandler
[Architectury Transformer DEBUG] Found class transformer
[Architectury Transformer DEBUG] Writing com/qzimyion/items/MidAirScaffoldItem with maxs=true frames=true
[Architectury Transformer DEBUG] Transformed com/qzimyion/items/MidAirScaffoldItem in 1.251 ms
[Architectury Transformer DEBUG] Transforming from com/qzimyion/items/MidAirBucketItem.class to com/qzimyion/items/MidAirBucketItem.class with 5 transformer(s) on dev.architectury.transformer.handler.TinyRemapperPreparedTransformerHandler
[Architectury Transformer DEBUG] Found class transformer
[Architectury Transformer DEBUG] Writing com/qzimyion/items/MidAirBucketItem with maxs=true frames=true
[Architectury Transformer DEBUG] Transformed com/qzimyion/items/MidAirBucketItem in 1.607 ms
[Architectury Transformer DEBUG] Transforming from com/qzimyion/items/MidAirPlacementBlockItem.class to com/qzimyion/items/MidAirPlacementBlockItem.class with 5 transformer(s) on dev.architectury.transformer.handler.TinyRemapperPreparedTransformerHandler
[Architectury Transformer DEBUG] Found class transformer
[Architectury Transformer DEBUG] Writing com/qzimyion/items/MidAirPlacementBlockItem with maxs=true frames=true
[Architectury Transformer DEBUG] Transformed com/qzimyion/items/MidAirPlacementBlockItem in 1.104 ms
[Architectury Transformer DEBUG] Transforming from com/qzimyion/registry/Events.class to com/qzimyion/registry/Events.class with 5 transformer(s) on dev.architectury.transformer.handler.TinyRemapperPreparedTransformerHandler
[Architectury Transformer DEBUG] Found class transformer
[Architectury Transformer DEBUG] Writing com/qzimyion/registry/Events with maxs=true frames=true
[Architectury Transformer DEBUG] Transformed com/qzimyion/registry/Events in 779.5 μs
